INFO:root:***** Démarrage du programme *****
INFO:root:Utilisation de la fonction pour vérifier que le temps est un entier positif
INFO:root:Utilisation de la fonction pour vérifier que le pourcentage est entre 0 et 100
INFO:root:Utilisation de la fonction pour vérifier que le pourcentage est entre 0 et 100
INFO:root:Total des sommes des %: 70
INFO:root:Remise du total des % à 100 grace à la proportionalité
INFO:root:Tout est bon !!!
INFO:root:***** Fin du programme *****
INFO:root:***** Démarrage du programme *****
INFO:root:Utilisation de la fonction pour vérifier que le temps est un entier positif
INFO:root:Utilisation de la fonction pour vérifier que le pourcentage est entre 0 et 100
INFO:root:Utilisation de la fonction pour vérifier que le pourcentage est entre 0 et 100
INFO:root:Total des sommes des %: 70
INFO:root:Remise du total des % à 100 grace à la proportionalité
INFO:root:Tout est bon !!!
INFO:root:***** Fin du programme *****
INFO:root:***** Démarrage du programme *****
INFO:root:Utilisation de la fonction pour vérifier que le temps est un entier positif
INFO:root:Utilisation de la fonction pour vérifier que le pourcentage est entre 0 et 100
INFO:root:Utilisation de la fonction pour vérifier que le pourcentage est entre 0 et 100
INFO:root:Total des sommes des %: 70
INFO:root:Remise du total des % à 100 grace à la proportionalité
INFO:root:Tout est bon !!!
INFO:root:***** Fin du programme *****
INFO:root:***** Démarrage du programme *****
INFO:root:Utilisation de la fonction pour vérifier que le temps est un entier positif
INFO:root:Utilisation de la fonction pour vérifier que le pourcentage est entre 0 et 100
INFO:root:Utilisation de la fonction pour vérifier que le pourcentage est entre 0 et 100
INFO:root:Total des sommes des %: 70
INFO:root:Remise du total des % à 100 grace à la proportionalité
INFO:root:Tout est bon !!!
INFO:root:***** Fin du programme *****
INFO:root:***** Démarrage du programme *****
INFO:root:Utilisation de la fonction pour vérifier que le temps est un entier positif
INFO:root:Utilisation de la fonction pour vérifier que le pourcentage est entre 0 et 100
INFO:root:Utilisation de la fonction pour vérifier que le pourcentage est entre 0 et 100
INFO:root:Total des sommes des %: 70
INFO:root:Remise du total des % à 100 grace à la proportionalité
INFO:root:Tout est bon !!!
INFO:root:***** Fin du programme *****
INFO:root:***** Démarrage du programme *****
INFO:root:Utilisation de la fonction pour vérifier que le temps est un entier positif
INFO:root:Utilisation de la fonction pour vérifier que le pourcentage est entre 0 et 100
INFO:root:Utilisation de la fonction pour vérifier que le pourcentage est entre 0 et 100
INFO:root:Total des sommes des %: 70
INFO:root:Remise du total des % à 100 grace à la proportionalité
INFO:root:Tout est bon !!!
INFO:root:***** Fin du programme *****
INFO:root:***** Démarrage du programme *****
INFO:root:Utilisation de la fonction pour vérifier que le temps est un entier positif
INFO:root:Utilisation de la fonction pour vérifier que le pourcentage est entre 0 et 100
INFO:root:Utilisation de la fonction pour vérifier que le pourcentage est entre 0 et 100
INFO:root:Total des sommes des %: 70
INFO:root:Remise du total des % à 100 grace à la proportionalité
INFO:root:Tout est bon !!!
INFO:root:***** Fin du programme *****
